Loaded dependency [python3/3.8.9]: gcc/9.3.1-binutils-2.36.1
Loaded module: python3/3.8.9

Loading python3/3.8.9
  Loading requirement: gcc/9.3.1-binutils-2.36.1
Loaded dependency [numpy/1.19.5-python-3.8.9-openblas-0.3.13]: openblas/0.3.13
Loaded module: numpy/1.19.5-python-3.8.9-openblas-0.3.13

Loading numpy/1.19.5-python-3.8.9-openblas-0.3.13
  Loading requirement: openblas/0.3.13
Loaded module: scipy/1.5.4-python-3.8.9
Loaded module: cuda/11.3
wandb: Currently logged in as: phialosophy. Use `wandb login --relogin` to force relogin
wandb: wandb version 0.16.1 is available!  To upgrade, please run:
wandb:  $ pip install wandb --upgrade
wandb: Tracking run with wandb version 0.13.2
wandb: Run data is saved locally in /work3/soeba/HALOS/wandb/run-20231221_044410-3ochkatz
wandb: Run `wandb offline` to turn off syncing.
wandb: Syncing run fragrant-cloud-84
wandb: ⭐️ View project at https://wandb.ai/phialosophy/esrgan_bones_3.0
wandb: 🚀 View run at https://wandb.ai/phialosophy/esrgan_bones_3.0/runs/3ochkatz
/zhome/19/0/64415/.lsbatch/1703069525.19818812.shell: line 29: 23012 Killed                  python -u esrgan_bones_v3-5.py 1 4 1e-4 1e-3 1 6e-3 0 "001" "002" "026" "083"

Aborted!
